<?xml version="1.0" encoding="UTF-8"?>
<!-- Generated by org.testng.reporters.JUnitReportReporter -->
<testsuite hostname="GUNA-PC" failures="0" tests="2" name="com.testng1.LearnParameters" time="34.376" errors="2" timestamp="2022-01-01T17:09:05 IST" skipped="0">
  <testcase classname="com.testng1.LearnParameters" name="login" time="6.791">
    <error message="session not created
from disconnected: received Inspector.detached event
  (Session info: chrome=96.0.4664.110)
Build info: version: &#039;3.141.59&#039;, revision: &#039;e82be7d358&#039;, time: &#039;2018-11-14T08:17:03&#039;
System info: host: &#039;GUNA-PC&#039;, ip: &#039;192.168.43.224&#039;, os.name: &#039;Windows 10&#039;, os.arch: &#039;amd64&#039;, os.version: &#039;10.0&#039;, java.version: &#039;17.0.1&#039;
Driver info: driver.version: ChromeDriver
remote stacktrace: Backtrace:
	Ordinal0 [0x00406903+2517251]
	Ordinal0 [0x0039F8E1+2095329]
	Ordinal0 [0x002A2848+1058888]
	Ordinal0 [0x00295AD4+1006292]
	Ordinal0 [0x00295716+1005334]
	Ordinal0 [0x00294DDA+1002970]
	Ordinal0 [0x00293F8D+999309]
	Ordinal0 [0x00294246+1000006]
	Ordinal0 [0x00293B35+998197]
	Ordinal0 [0x0029E924+1042724]
	Ordinal0 [0x00293AF1+998129]
	Ordinal0 [0x002949F6+1001974]
	Ordinal0 [0x00293F8D+999309]
	Ordinal0 [0x00294246+1000006]
	Ordinal0 [0x00293B35+998197]
	Ordinal0 [0x0029C923+1034531]
	Ordinal0 [0x00293AF1+998129]
	Ordinal0 [0x002949F6+1001974]
	Ordinal0 [0x00293F8D+999309]
	Ordinal0 [0x00294246+1000006]
	Ordinal0 [0x00293B35+998197]
	Ordinal0 [0x0029A739+1025849]
	Ordinal0 [0x00293AF1+998129]
	Ordinal0 [0x002949F6+1001974]
	Ordinal0 [0x00293F8D+999309]
	Ordinal0 [0x00294246+1000006]
	Ordinal0 [0x00293B35+998197]
	Ordinal0 [0x00299ABC+1022652]
	Ordinal0 [0x00293AF1+998129]
	Ordinal0 [0x002949F6+1001974]
	Ordinal0 [0x00293F8D+999309]
	Ordinal0 [0x00294246+1000006]
	Ordinal0 [0x00293B35+998197]
	Ordinal0 [0x0028F6ED+980717]
	Ordinal0 [0x00293AF1+998129]
	Ordinal0 [0x00293890+997520]
	Ordinal0 [0x00293629+996905]
	Ordinal0 [0x002A3A60+1063520]
	Ordinal0 [0x002EBA7A+1358458]
	Ordinal0 [0x002EA71A+1353498]
	Ordinal0 [0x002E639B+1336219]
	Ordinal0 [0x002C27A7+1189799]
	Ordinal0 [0x002C3609+1193481]
	GetHandleVerifier [0x00595904+1577972]
	GetHandleVerifier [0x00640B97+2279047]
	GetHandleVerifier [0x00496D09+534521]
	GetHandleVerifier [0x00495DB9+530601]
	Ordinal0 [0x003A4FF9+2117625]
	Ordinal0 [0x003A98A8+2136232]
	Ordinal0 [0x003A99E2+2136546]
	Ordinal0 [0x003B3541+2176321]
	BaseThreadInitThunk [0x76FCFA29+25]
	RtlGetAppContainerNamedObjectPath [0x776F7A9E+286]
	RtlGetAppContainerNamedObjectPath [0x776F7A6E+238]
" type="org.openqa.selenium.SessionNotCreatedException">
      <![CDATA[org.openqa.selenium.SessionNotCreatedException: session not created
from disconnected: received Inspector.detached event
  (Session info: chrome=96.0.4664.110)
Build info: version: '3.141.59', revision: 'e82be7d358', time: '2018-11-14T08:17:03'
System info: host: 'GUNA-PC', ip: '192.168.43.224', os.name: 'Windows 10', os.arch: 'amd64', os.version: '10.0', java.version: '17.0.1'
Driver info: driver.version: ChromeDriver
remote stacktrace: Backtrace:
Ordinal0 [0x00406903+2517251]
Ordinal0 [0x0039F8E1+2095329]
Ordinal0 [0x002A2848+1058888]
Ordinal0 [0x00295AD4+1006292]
Ordinal0 [0x00295716+1005334]
Ordinal0 [0x00294DDA+1002970]
Ordinal0 [0x00293F8D+999309]
Ordinal0 [0x00294246+1000006]
Ordinal0 [0x00293B35+998197]
Ordinal0 [0x0029E924+1042724]
Ordinal0 [0x00293AF1+998129]
Ordinal0 [0x002949F6+1001974]
Ordinal0 [0x00293F8D+999309]
Ordinal0 [0x00294246+1000006]
Ordinal0 [0x00293B35+998197]
Ordinal0 [0x0029C923+1034531]
Ordinal0 [0x00293AF1+998129]
Ordinal0 [0x002949F6+1001974]
Ordinal0 [0x00293F8D+999309]
Ordinal0 [0x00294246+1000006]
Ordinal0 [0x00293B35+998197]
Ordinal0 [0x0029A739+1025849]
Ordinal0 [0x00293AF1+998129]
Ordinal0 [0x002949F6+1001974]
Ordinal0 [0x00293F8D+999309]
Ordinal0 [0x00294246+1000006]
Ordinal0 [0x00293B35+998197]
Ordinal0 [0x00299ABC+1022652]
Ordinal0 [0x00293AF1+998129]
Ordinal0 [0x002949F6+1001974]
Ordinal0 [0x00293F8D+999309]
Ordinal0 [0x00294246+1000006]
Ordinal0 [0x00293B35+998197]
Ordinal0 [0x0028F6ED+980717]
Ordinal0 [0x00293AF1+998129]
Ordinal0 [0x00293890+997520]
Ordinal0 [0x00293629+996905]
Ordinal0 [0x002A3A60+1063520]
Ordinal0 [0x002EBA7A+1358458]
Ordinal0 [0x002EA71A+1353498]
Ordinal0 [0x002E639B+1336219]
Ordinal0 [0x002C27A7+1189799]
Ordinal0 [0x002C3609+1193481]
GetHandleVerifier [0x00595904+1577972]
GetHandleVerifier [0x00640B97+2279047]
GetHandleVerifier [0x00496D09+534521]
GetHandleVerifier [0x00495DB9+530601]
Ordinal0 [0x003A4FF9+2117625]
Ordinal0 [0x003A98A8+2136232]
Ordinal0 [0x003A99E2+2136546]
Ordinal0 [0x003B3541+2176321]
BaseThreadInitThunk [0x76FCFA29+25]
RtlGetAppContainerNamedObjectPath [0x776F7A9E+286]
RtlGetAppContainerNamedObjectPath [0x776F7A6E+238]

at java.base/jdk.internal.reflect.NativeConstructorAccessorImpl.newInstance0(Native Method)
at java.base/jdk.internal.reflect.NativeConstructorAccessorImpl.newInstance(NativeConstructorAccessorImpl.java:77)
at java.base/jdk.internal.reflect.DelegatingConstructorAccessorImpl.newInstance(DelegatingConstructorAccessorImpl.java:45)
at java.base/java.lang.reflect.Constructor.newInstanceWithCaller(Constructor.java:499)
at java.base/java.lang.reflect.Constructor.newInstance(Constructor.java:480)
at org.openqa.selenium.remote.W3CHandshakeResponse.lambda$errorHandler$0(W3CHandshakeResponse.java:62)
at org.openqa.selenium.remote.HandshakeResponse.lambda$getResponseFunction$0(HandshakeResponse.java:30)
at org.openqa.selenium.remote.ProtocolHandshake.lambda$createSession$0(ProtocolHandshake.java:126)
at java.base/java.util.stream.ReferencePipeline$3$1.accept(ReferencePipeline.java:197)
at java.base/java.util.Spliterators$ArraySpliterator.tryAdvance(Spliterators.java:1002)
at java.base/java.util.stream.ReferencePipeline.forEachWithCancel(ReferencePipeline.java:129)
at java.base/java.util.stream.AbstractPipeline.copyIntoWithCancel(AbstractPipeline.java:527)
at java.base/java.util.stream.AbstractPipeline.copyInto(AbstractPipeline.java:513)
at java.base/java.util.stream.AbstractPipeline.wrapAndCopyInto(AbstractPipeline.java:499)
at java.base/java.util.stream.FindOps$FindOp.evaluateSequential(FindOps.java:150)
at java.base/java.util.stream.AbstractPipeline.evaluate(AbstractPipeline.java:234)
at java.base/java.util.stream.ReferencePipeline.findFirst(ReferencePipeline.java:647)
at org.openqa.selenium.remote.ProtocolHandshake.createSession(ProtocolHandshake.java:128)
at org.openqa.selenium.remote.ProtocolHandshake.createSession(ProtocolHandshake.java:74)
at org.openqa.selenium.remote.HttpCommandExecutor.execute(HttpCommandExecutor.java:136)
at org.openqa.selenium.remote.service.DriverCommandExecutor.execute(DriverCommandExecutor.java:83)
at org.openqa.selenium.remote.RemoteWebDriver.execute(RemoteWebDriver.java:552)
at org.openqa.selenium.remote.RemoteWebDriver.startSession(RemoteWebDriver.java:213)
at org.openqa.selenium.remote.RemoteWebDriver.<init>(RemoteWebDriver.java:131)
at org.openqa.selenium.chrome.ChromeDriver.<init>(ChromeDriver.java:181)
at org.openqa.selenium.chrome.ChromeDriver.<init>(ChromeDriver.java:168)
at org.openqa.selenium.chrome.ChromeDriver.<init>(ChromeDriver.java:123)
at com.testng1.LearnParameters.login(LearnParameters.java:29)
at java.base/jdk.internal.reflect.NativeMethodAccessorImpl.invoke0(Native Method)
at java.base/jdk.internal.reflect.NativeMethodAccessorImpl.invoke(NativeMethodAccessorImpl.java:77)
at java.base/jdk.internal.reflect.DelegatingMethodAccessorImpl.invoke(DelegatingMethodAccessorImpl.java:43)
at java.base/java.lang.reflect.Method.invoke(Method.java:568)
at org.testng.internal.MethodInvocationHelper.invokeMethod(MethodInvocationHelper.java:133)
at org.testng.internal.TestInvoker.invokeMethod(TestInvoker.java:598)
at org.testng.internal.TestInvoker.invokeTestMethod(TestInvoker.java:173)
at org.testng.internal.MethodRunner.runInSequence(MethodRunner.java:46)
at org.testng.internal.TestInvoker$MethodInvocationAgent.invoke(TestInvoker.java:824)
at org.testng.internal.TestInvoker.invokeTestMethods(TestInvoker.java:146)
at org.testng.internal.TestMethodWorker.invokeTestMethods(TestMethodWorker.java:146)
at org.testng.internal.TestMethodWorker.run(TestMethodWorker.java:128)
at java.base/java.util.ArrayList.forEach(ArrayList.java:1511)
at org.testng.TestRunner.privateRun(TestRunner.java:794)
at org.testng.TestRunner.run(TestRunner.java:596)
at org.testng.SuiteRunner.runTest(SuiteRunner.java:377)
at org.testng.SuiteRunner.runSequentially(SuiteRunner.java:371)
at org.testng.SuiteRunner.privateRun(SuiteRunner.java:332)
at org.testng.SuiteRunner.run(SuiteRunner.java:276)
at org.testng.SuiteRunnerWorker.runSuite(SuiteRunnerWorker.java:53)
at org.testng.SuiteRunnerWorker.run(SuiteRunnerWorker.java:96)
at org.testng.TestNG.runSuitesSequentially(TestNG.java:1212)
at org.testng.TestNG.runSuitesLocally(TestNG.java:1134)
at org.testng.TestNG.runSuites(TestNG.java:1063)
at org.testng.TestNG.run(TestNG.java:1031)
at org.testng.remote.AbstractRemoteTestNG.run(AbstractRemoteTestNG.java:115)
at org.testng.remote.RemoteTestNG.initAndRun(RemoteTestNG.java:251)
at org.testng.remote.RemoteTestNG.main(RemoteTestNG.java:77)
]]>
    </error>
  </testcase> <!-- login -->
  <system-out/>
  <testcase classname="com.testng1.LearnParameters" name="login" time="27.585">
    <error message="Cannot locate an element using id=pass
For documentation on this error, please visit: https://www.seleniumhq.org/exceptions/no_such_element.html
Build info: version: &#039;3.141.59&#039;, revision: &#039;e82be7d358&#039;, time: &#039;2018-11-14T08:17:03&#039;
System info: host: &#039;GUNA-PC&#039;, ip: &#039;192.168.43.224&#039;, os.name: &#039;Windows 10&#039;, os.arch: &#039;amd64&#039;, os.version: &#039;10.0&#039;, java.version: &#039;17.0.1&#039;
Driver info: driver.version: RemoteWebDriver" type="org.openqa.selenium.NoSuchElementException">
      <![CDATA[org.openqa.selenium.NoSuchElementException: Cannot locate an element using id=pass
For documentation on this error, please visit: https://www.seleniumhq.org/exceptions/no_such_element.html
Build info: version: '3.141.59', revision: 'e82be7d358', time: '2018-11-14T08:17:03'
System info: host: 'GUNA-PC', ip: '192.168.43.224', os.name: 'Windows 10', os.arch: 'amd64', os.version: '10.0', java.version: '17.0.1'
Driver info: driver.version: RemoteWebDriver
at org.openqa.selenium.remote.RemoteWebDriver.findElement(RemoteWebDriver.java:327)
at org.openqa.selenium.remote.RemoteWebDriver.findElementById(RemoteWebDriver.java:372)
at org.openqa.selenium.By$ById.findElement(By.java:188)
at org.openqa.selenium.remote.RemoteWebDriver.findElement(RemoteWebDriver.java:315)
at com.testng1.LearnParameters.login(LearnParameters.java:34)
at java.base/jdk.internal.reflect.NativeMethodAccessorImpl.invoke0(Native Method)
at java.base/jdk.internal.reflect.NativeMethodAccessorImpl.invoke(NativeMethodAccessorImpl.java:77)
at java.base/jdk.internal.reflect.DelegatingMethodAccessorImpl.invoke(DelegatingMethodAccessorImpl.java:43)
at java.base/java.lang.reflect.Method.invoke(Method.java:568)
at org.testng.internal.MethodInvocationHelper.invokeMethod(MethodInvocationHelper.java:133)
at org.testng.internal.TestInvoker.invokeMethod(TestInvoker.java:598)
at org.testng.internal.TestInvoker.invokeTestMethod(TestInvoker.java:173)
at org.testng.internal.MethodRunner.runInSequence(MethodRunner.java:46)
at org.testng.internal.TestInvoker$MethodInvocationAgent.invoke(TestInvoker.java:824)
at org.testng.internal.TestInvoker.invokeTestMethods(TestInvoker.java:146)
at org.testng.internal.TestMethodWorker.invokeTestMethods(TestMethodWorker.java:146)
at org.testng.internal.TestMethodWorker.run(TestMethodWorker.java:128)
at java.base/java.util.ArrayList.forEach(ArrayList.java:1511)
at org.testng.TestRunner.privateRun(TestRunner.java:794)
at org.testng.TestRunner.run(TestRunner.java:596)
at org.testng.SuiteRunner.runTest(SuiteRunner.java:377)
at org.testng.SuiteRunner.runSequentially(SuiteRunner.java:371)
at org.testng.SuiteRunner.privateRun(SuiteRunner.java:332)
at org.testng.SuiteRunner.run(SuiteRunner.java:276)
at org.testng.SuiteRunnerWorker.runSuite(SuiteRunnerWorker.java:53)
at org.testng.SuiteRunnerWorker.run(SuiteRunnerWorker.java:96)
at org.testng.TestNG.runSuitesSequentially(TestNG.java:1212)
at org.testng.TestNG.runSuitesLocally(TestNG.java:1134)
at org.testng.TestNG.runSuites(TestNG.java:1063)
at org.testng.TestNG.run(TestNG.java:1031)
at org.testng.remote.AbstractRemoteTestNG.run(AbstractRemoteTestNG.java:115)
at org.testng.remote.RemoteTestNG.initAndRun(RemoteTestNG.java:251)
at org.testng.remote.RemoteTestNG.main(RemoteTestNG.java:77)
]]>
    </error>
  </testcase> <!-- login -->
  <system-out/>
</testsuite> <!-- com.testng1.LearnParameters -->
